<?xml version="1.0" encoding="UTF-8" ?>
<testsuite tests="31" failures="0" name="com.gildedrose.GildedRoseTest" time="0.013" errors="0" skipped="6">
  <properties>
    <property name="java.runtime.name" value="Java(TM) SE Runtime Environment"/>
    <property name="sun.boot.library.path" value="/Library/Java/JavaVirtualMachines/jdk1.8.0_77.jdk/Contents/Home/jre/lib"/>
    <property name="java.vm.version" value="25.77-b03"/>
    <property name="user.country.format" value="GB"/>
    <property name="gopherProxySet" value="false"/>
    <property name="java.vm.vendor" value="Oracle Corporation"/>
    <property name="maven.multiModuleProjectDirectory" value="/Users/cosimoranieri/src/gilded-rose"/>
    <property name="java.vendor.url" value="http://java.oracle.com/"/>
    <property name="path.separator" value=":"/>
    <property name="guice.disable.misplaced.annotation.check" value="true"/>
    <property name="java.vm.name" value="Java HotSpot(TM) 64-Bit Server VM"/>
    <property name="file.encoding.pkg" value="sun.io"/>
    <property name="user.country" value="US"/>
    <property name="sun.java.launcher" value="SUN_STANDARD"/>
    <property name="sun.os.patch.level" value="unknown"/>
    <property name="java.vm.specification.name" value="Java Virtual Machine Specification"/>
    <property name="user.dir" value="/Users/cosimoranieri/src/gilded-rose"/>
    <property name="java.runtime.version" value="1.8.0_77-b03"/>
    <property name="java.awt.graphicsenv" value="sun.awt.CGraphicsEnvironment"/>
    <property name="java.endorsed.dirs" value="/Library/Java/JavaVirtualMachines/jdk1.8.0_77.jdk/Contents/Home/jre/lib/endorsed"/>
    <property name="os.arch" value="x86_64"/>
    <property name="java.io.tmpdir" value="/var/folders/vh/t_jql24x493_31tzmt3z08_00000gn/T/"/>
    <property name="line.separator" value="
"/>
    <property name="java.vm.specification.vendor" value="Oracle Corporation"/>
    <property name="os.name" value="Mac OS X"/>
    <property name="classworlds.conf" value="/usr/local/Cellar/maven/3.3.3/libexec/bin/m2.conf"/>
    <property name="sun.jnu.encoding" value="UTF-8"/>
    <property name="java.library.path" value="/Users/cosimoranieri/Library/Java/Extensions:/Library/Java/Extensions:/Network/Library/Java/Extensions:/System/Library/Java/Extensions:/usr/lib/java:."/>
    <property name="java.specification.name" value="Java Platform API Specification"/>
    <property name="java.class.version" value="52.0"/>
    <property name="sun.management.compiler" value="HotSpot 64-Bit Tiered Compilers"/>
    <property name="os.version" value="10.11.5"/>
    <property name="http.nonProxyHosts" value="local|*.local|169.254/16|*.169.254/16"/>
    <property name="user.home" value="/Users/cosimoranieri"/>
    <property name="user.timezone" value="Europe/Brussels"/>
    <property name="java.awt.printerjob" value="sun.lwawt.macosx.CPrinterJob"/>
    <property name="java.specification.version" value="1.8"/>
    <property name="file.encoding" value="UTF-8"/>
    <property name="user.name" value="cosimoranieri"/>
    <property name="java.class.path" value="/usr/local/Cellar/maven/3.3.3/libexec/boot/plexus-classworlds-2.5.2.jar"/>
    <property name="java.vm.specification.version" value="1.8"/>
    <property name="sun.arch.data.model" value="64"/>
    <property name="java.home" value="/Library/Java/JavaVirtualMachines/jdk1.8.0_77.jdk/Contents/Home/jre"/>
    <property name="sun.java.command" value="org.codehaus.plexus.classworlds.launcher.Launcher clean test"/>
    <property name="java.specification.vendor" value="Oracle Corporation"/>
    <property name="user.language" value="en"/>
    <property name="awt.toolkit" value="sun.lwawt.macosx.LWCToolkit"/>
    <property name="java.vm.info" value="mixed mode"/>
    <property name="java.version" value="1.8.0_77"/>
    <property name="java.ext.dirs" value="/Users/cosimoranieri/Library/Java/Extensions:/Library/Java/JavaVirtualMachines/jdk1.8.0_77.jdk/Contents/Home/jre/lib/ext:/Library/Java/Extensions:/Network/Library/Java/Extensions:/System/Library/Java/Extensions:/usr/lib/java"/>
    <property name="sun.boot.class.path" value="/Library/Java/JavaVirtualMachines/jdk1.8.0_77.jdk/Contents/Home/jre/lib/resources.jar:/Library/Java/JavaVirtualMachines/jdk1.8.0_77.jdk/Contents/Home/jre/lib/rt.jar:/Library/Java/JavaVirtualMachines/jdk1.8.0_77.jdk/Contents/Home/jre/lib/sunrsasign.jar:/Library/Java/JavaVirtualMachines/jdk1.8.0_77.jdk/Contents/Home/jre/lib/jsse.jar:/Library/Java/JavaVirtualMachines/jdk1.8.0_77.jdk/Contents/Home/jre/lib/jce.jar:/Library/Java/JavaVirtualMachines/jdk1.8.0_77.jdk/Contents/Home/jre/lib/charsets.jar:/Library/Java/JavaVirtualMachines/jdk1.8.0_77.jdk/Contents/Home/jre/lib/jfr.jar:/Library/Java/JavaVirtualMachines/jdk1.8.0_77.jdk/Contents/Home/jre/classes"/>
    <property name="java.vendor" value="Oracle Corporation"/>
    <property name="maven.home" value="/usr/local/Cellar/maven/3.3.3/libexec"/>
    <property name="file.separator" value="/"/>
    <property name="java.vendor.url.bug" value="http://bugreport.sun.com/bugreport/"/>
    <property name="sun.cpu.endian" value="little"/>
    <property name="sun.io.unicode.encoding" value="UnicodeBig"/>
    <property name="socksNonProxyHosts" value="local|*.local|169.254/16|*.169.254/16"/>
    <property name="ftp.nonProxyHosts" value="local|*.local|169.254/16|*.169.254/16"/>
    <property name="sun.cpu.isalist" value=""/>
  </properties>
  <testcase classname="com.gildedrose.GildedRoseTest" name="testWithSulfurasAfterSellDate" time="0.004"/>
  <testcase classname="com.gildedrose.GildedRoseTest" name="testWithBackStagePasses_VeryCloseToSellDate" time="0"/>
  <testcase classname="com.gildedrose.GildedRoseTest" name="testWithConjured_BeforeSellDateWithZeroQuality" time="0">
    <skipped/>
  </testcase>
  <testcase classname="com.gildedrose.GildedRoseTest" name="testWithNormalItemQualityOfZero" time="0"/>
  <testcase classname="com.gildedrose.GildedRoseTest" name="testWithBackStagePasses_OnSellDate" time="0.001"/>
  <testcase classname="com.gildedrose.GildedRoseTest" name="testWithBackStagePasses_VeryCloseToSellDateLowerBoundMaxQuality" time="0"/>
  <testcase classname="com.gildedrose.GildedRoseTest" name="testWithConjured_AfterSellDate" time="0">
    <skipped/>
  </testcase>
  <testcase classname="com.gildedrose.GildedRoseTest" name="testWithNormalItemBeforeSellBuyDate" time="0"/>
  <testcase classname="com.gildedrose.GildedRoseTest" name="testWithBackStagePasses_MediumToCloseSellLowerBound" time="0.001"/>
  <testcase classname="com.gildedrose.GildedRoseTest" name="testWithBackStagePasses_LongBeforeSellDateWithMaxQuality" time="0"/>
  <testcase classname="com.gildedrose.GildedRoseTest" name="testWithNormalItemOnSellDate" time="0"/>
  <testcase classname="com.gildedrose.GildedRoseTest" name="testWithBackStagePasses_PastSellDate" time="0"/>
  <testcase classname="com.gildedrose.GildedRoseTest" name="testWithBackStagePasses_MediumToCloseSellLowerBoundMaxQuality" time="0"/>
  <testcase classname="com.gildedrose.GildedRoseTest" name="testWithAgedBrieBeforeSellDate" time="0"/>
  <testcase classname="com.gildedrose.GildedRoseTest" name="testWithConjured_OnSellDate" time="0.001">
    <skipped/>
  </testcase>
  <testcase classname="com.gildedrose.GildedRoseTest" name="testWithSulfurasBeforeSellDate" time="0"/>
  <testcase classname="com.gildedrose.GildedRoseTest" name="testWithAgedBriePastSellDateWithMaxQuality" time="0"/>
  <testcase classname="com.gildedrose.GildedRoseTest" name="testWithBackStagePasses_MediumCloseToCloseToSellDate" time="0"/>
  <testcase classname="com.gildedrose.GildedRoseTest" name="testWithAgedBriePastSellDate" time="0"/>
  <testcase classname="com.gildedrose.GildedRoseTest" name="testWithConjured_AfterSellDateWithZeroQuality" time="0">
    <skipped/>
  </testcase>
  <testcase classname="com.gildedrose.GildedRoseTest" name="testWithBackStagePasses_VeryCloseToSellDateLowerBound" time="0"/>
  <testcase classname="com.gildedrose.GildedRoseTest" name="testWithBackStagePasses_LongBeforeSellDate" time="0"/>
  <testcase classname="com.gildedrose.GildedRoseTest" name="testWithAgedBrieBeforeSellDateWithMaxQuality" time="0.001"/>
  <testcase classname="com.gildedrose.GildedRoseTest" name="testWithBackStagePasses_MediumToCloseSellDateWithMaxQuality" time="0"/>
  <testcase classname="com.gildedrose.GildedRoseTest" name="testWithConjured_BeforeSellDate" time="0.005">
    <skipped/>
  </testcase>
  <testcase classname="com.gildedrose.GildedRoseTest" name="testWithNormalItemPastSellDate" time="0"/>
  <testcase classname="com.gildedrose.GildedRoseTest" name="testWithBackStagePasses_VeryCloseToSellDateMaxQuality" time="0"/>
  <testcase classname="com.gildedrose.GildedRoseTest" name="testWithAgedBrieOnSellDate" time="0"/>
  <testcase classname="com.gildedrose.GildedRoseTest" name="testWithSulfurasOnSellDate" time="0"/>
  <testcase classname="com.gildedrose.GildedRoseTest" name="testWithAgedBrieOnSellDateWithMaxQuality" time="0"/>
  <testcase classname="com.gildedrose.GildedRoseTest" name="testWithConjured_OnSellDateAtZeroQuality" time="0">
    <skipped/>
  </testcase>
</testsuite>